  Level.cpp
C:\Users\Vikto\source\repos\game2803\game\02-Bubble\Level.cpp(137,20): warning C4018: '<': no coinciden signed/unsigned
C:\Users\Vikto\source\repos\game2803\game\02-Bubble\Level.cpp(146,20): warning C4018: '<': no coinciden signed/unsigned
C:\Users\Vikto\source\repos\game2803\game\02-Bubble\Level.cpp(190,38): warning C4244: 'argumento': conversión de 'T' a 'int'; posible pérdida de datos
C:\Users\Vikto\source\repos\game2803\game\02-Bubble\Level.cpp(190,38): warning C4244:         with
C:\Users\Vikto\source\repos\game2803\game\02-Bubble\Level.cpp(190,38): warning C4244:         [
C:\Users\Vikto\source\repos\game2803\game\02-Bubble\Level.cpp(190,38): warning C4244:             T=float
C:\Users\Vikto\source\repos\game2803\game\02-Bubble\Level.cpp(190,38): warning C4244:         ]
C:\Users\Vikto\source\repos\game2803\game\02-Bubble\Level.cpp(190,29): warning C4244: 'argumento': conversión de 'T' a 'int'; posible pérdida de datos
C:\Users\Vikto\source\repos\game2803\game\02-Bubble\Level.cpp(190,29): warning C4244:         with
C:\Users\Vikto\source\repos\game2803\game\02-Bubble\Level.cpp(190,29): warning C4244:         [
C:\Users\Vikto\source\repos\game2803\game\02-Bubble\Level.cpp(190,29): warning C4244:             T=float
C:\Users\Vikto\source\repos\game2803\game\02-Bubble\Level.cpp(190,29): warning C4244:         ]
C:\Users\Vikto\source\repos\game2803\game\02-Bubble\Level.cpp(196,39): warning C4244: 'argumento': conversión de 'T' a 'int'; posible pérdida de datos
C:\Users\Vikto\source\repos\game2803\game\02-Bubble\Level.cpp(196,39): warning C4244:         with
C:\Users\Vikto\source\repos\game2803\game\02-Bubble\Level.cpp(196,39): warning C4244:         [
C:\Users\Vikto\source\repos\game2803\game\02-Bubble\Level.cpp(196,39): warning C4244:             T=float
C:\Users\Vikto\source\repos\game2803\game\02-Bubble\Level.cpp(196,39): warning C4244:         ]
C:\Users\Vikto\source\repos\game2803\game\02-Bubble\Level.cpp(196,30): warning C4244: 'argumento': conversión de 'T' a 'int'; posible pérdida de datos
C:\Users\Vikto\source\repos\game2803\game\02-Bubble\Level.cpp(196,30): warning C4244:         with
C:\Users\Vikto\source\repos\game2803\game\02-Bubble\Level.cpp(196,30): warning C4244:         [
C:\Users\Vikto\source\repos\game2803\game\02-Bubble\Level.cpp(196,30): warning C4244:             T=float
C:\Users\Vikto\source\repos\game2803\game\02-Bubble\Level.cpp(196,30): warning C4244:         ]
C:\Users\Vikto\source\repos\game2803\game\02-Bubble\Level.cpp(215,37): warning C4244: 'argumento': conversión de 'T' a 'int'; posible pérdida de datos
C:\Users\Vikto\source\repos\game2803\game\02-Bubble\Level.cpp(215,37): warning C4244:         with
C:\Users\Vikto\source\repos\game2803\game\02-Bubble\Level.cpp(215,37): warning C4244:         [
C:\Users\Vikto\source\repos\game2803\game\02-Bubble\Level.cpp(215,37): warning C4244:             T=float
C:\Users\Vikto\source\repos\game2803\game\02-Bubble\Level.cpp(215,37): warning C4244:         ]
C:\Users\Vikto\source\repos\game2803\game\02-Bubble\Level.cpp(215,27): warning C4244: 'argumento': conversión de 'T' a 'int'; posible pérdida de datos
C:\Users\Vikto\source\repos\game2803\game\02-Bubble\Level.cpp(215,27): warning C4244:         with
C:\Users\Vikto\source\repos\game2803\game\02-Bubble\Level.cpp(215,27): warning C4244:         [
C:\Users\Vikto\source\repos\game2803\game\02-Bubble\Level.cpp(215,27): warning C4244:             T=float
C:\Users\Vikto\source\repos\game2803\game\02-Bubble\Level.cpp(215,27): warning C4244:         ]
C:\Users\Vikto\source\repos\game2803\game\02-Bubble\Level.cpp(221,38): warning C4244: 'argumento': conversión de 'T' a 'int'; posible pérdida de datos
C:\Users\Vikto\source\repos\game2803\game\02-Bubble\Level.cpp(221,38): warning C4244:         with
C:\Users\Vikto\source\repos\game2803\game\02-Bubble\Level.cpp(221,38): warning C4244:         [
C:\Users\Vikto\source\repos\game2803\game\02-Bubble\Level.cpp(221,38): warning C4244:             T=float
C:\Users\Vikto\source\repos\game2803\game\02-Bubble\Level.cpp(221,38): warning C4244:         ]
C:\Users\Vikto\source\repos\game2803\game\02-Bubble\Level.cpp(221,28): warning C4244: 'argumento': conversión de 'T' a 'int'; posible pérdida de datos
C:\Users\Vikto\source\repos\game2803\game\02-Bubble\Level.cpp(221,28): warning C4244:         with
C:\Users\Vikto\source\repos\game2803\game\02-Bubble\Level.cpp(221,28): warning C4244:         [
C:\Users\Vikto\source\repos\game2803\game\02-Bubble\Level.cpp(221,28): warning C4244:             T=float
C:\Users\Vikto\source\repos\game2803\game\02-Bubble\Level.cpp(221,28): warning C4244:         ]
  02-Bubble.vcxproj -> C:\Users\Vikto\Source\Repos\game2803\game\Debug\02-Bubble.exe
