c:\users\arnau\documents\github\opengl-game2d\game\02-bubble\debug\vc142.pdb
c:\users\arnau\documents\github\opengl-game2d\game\02-bubble\debug\vc142.idb
c:\users\arnau\documents\github\opengl-game2d\game\02-bubble\debug\main.obj
c:\users\arnau\documents\github\opengl-game2d\game\02-bubble\debug\tilemap.obj
c:\users\arnau\documents\github\opengl-game2d\game\02-bubble\debug\scene.obj
c:\users\arnau\documents\github\opengl-game2d\game\02-bubble\debug\player.obj
c:\users\arnau\documents\github\opengl-game2d\game\02-bubble\debug\game.obj
c:\users\arnau\documents\github\opengl-game2d\game\02-bubble\debug\texture.obj
c:\users\arnau\documents\github\opengl-game2d\game\02-bubble\debug\sprite.obj
c:\users\arnau\documents\github\opengl-game2d\game\02-bubble\debug\shaderprogram.obj
c:\users\arnau\documents\github\opengl-game2d\game\02-bubble\debug\shader.obj
c:\users\arnau\documents\github\opengl-game2d\game\debug\02-bubble.pdb
c:\users\arnau\documents\github\opengl-game2d\game\02-bubble\debug\02-bubble.tlog\cl.command.1.tlog
c:\users\arnau\documents\github\opengl-game2d\game\02-bubble\debug\02-bubble.tlog\cl.read.1.tlog
c:\users\arnau\documents\github\opengl-game2d\game\02-bubble\debug\02-bubble.tlog\cl.write.1.tlog
c:\users\arnau\documents\github\opengl-game2d\game\02-bubble\debug\02-bubble.tlog\link-cvtres.read.1.tlog
c:\users\arnau\documents\github\opengl-game2d\game\02-bubble\debug\02-bubble.tlog\link-cvtres.write.1.tlog
c:\users\arnau\documents\github\opengl-game2d\game\02-bubble\debug\02-bubble.tlog\link-rc.read.1.tlog
c:\users\arnau\documents\github\opengl-game2d\game\02-bubble\debug\02-bubble.tlog\link-rc.write.1.tlog
c:\users\arnau\documents\github\opengl-game2d\game\02-bubble\debug\02-bubble.tlog\link.12276-cvtres.read.1.tlog
c:\users\arnau\documents\github\opengl-game2d\game\02-bubble\debug\02-bubble.tlog\link.12276-cvtres.write.1.tlog
c:\users\arnau\documents\github\opengl-game2d\game\02-bubble\debug\02-bubble.tlog\link.12276-rc.read.1.tlog
c:\users\arnau\documents\github\opengl-game2d\game\02-bubble\debug\02-bubble.tlog\link.12276-rc.write.1.tlog
c:\users\arnau\documents\github\opengl-game2d\game\02-bubble\debug\02-bubble.tlog\link.12276.read.1.tlog
c:\users\arnau\documents\github\opengl-game2d\game\02-bubble\debug\02-bubble.tlog\link.12276.write.1.tlog
c:\users\arnau\documents\github\opengl-game2d\game\02-bubble\debug\02-bubble.tlog\link.command.1.tlog
c:\users\arnau\documents\github\opengl-game2d\game\02-bubble\debug\02-bubble.tlog\link.read.1.tlog
c:\users\arnau\documents\github\opengl-game2d\game\02-bubble\debug\02-bubble.tlog\link.write.1.tlog
