c:\users\arnau\documents\github\opengl-game2d\game\release\02-bubble.ipdb
c:\users\arnau\documents\github\opengl-game2d\game\release\02-bubble.iobj
c:\users\arnau\documents\github\opengl-game2d\game\02-bubble\release\vc142.pdb
c:\users\arnau\documents\github\opengl-game2d\game\02-bubble\release\texture.obj
c:\users\arnau\documents\github\opengl-game2d\game\02-bubble\release\sprite.obj
c:\users\arnau\documents\github\opengl-game2d\game\02-bubble\release\sounds.obj
c:\users\arnau\documents\github\opengl-game2d\game\02-bubble\release\object.obj
c:\users\arnau\documents\github\opengl-game2d\game\02-bubble\release\shaderprogram.obj
c:\users\arnau\documents\github\opengl-game2d\game\02-bubble\release\shader.obj
c:\users\arnau\documents\github\opengl-game2d\game\02-bubble\release\scene.obj
c:\users\arnau\documents\github\opengl-game2d\game\02-bubble\release\play.obj
c:\users\arnau\documents\github\opengl-game2d\game\02-bubble\release\menu.obj
c:\users\arnau\documents\github\opengl-game2d\game\02-bubble\release\main.obj
c:\users\arnau\documents\github\opengl-game2d\game\02-bubble\release\level.obj
c:\users\arnau\documents\github\opengl-game2d\game\02-bubble\release\game.obj
c:\users\arnau\documents\github\opengl-game2d\game\release\02-bubble.exe
c:\users\arnau\documents\github\opengl-game2d\game\release\02-bubble.pdb
c:\users\arnau\documents\github\opengl-game2d\game\02-bubble\release\02-bubble.res
c:\users\arnau\documents\github\opengl-game2d\game\02-bubble\release\02-bubble.tlog\02-bubble.write.1u.tlog
c:\users\arnau\documents\github\opengl-game2d\game\02-bubble\release\02-bubble.tlog\cl.command.1.tlog
c:\users\arnau\documents\github\opengl-game2d\game\02-bubble\release\02-bubble.tlog\cl.read.1.tlog
c:\users\arnau\documents\github\opengl-game2d\game\02-bubble\release\02-bubble.tlog\cl.write.1.tlog
c:\users\arnau\documents\github\opengl-game2d\game\02-bubble\release\02-bubble.tlog\link.command.1.tlog
c:\users\arnau\documents\github\opengl-game2d\game\02-bubble\release\02-bubble.tlog\link.read.1.tlog
c:\users\arnau\documents\github\opengl-game2d\game\02-bubble\release\02-bubble.tlog\link.write.1.tlog
c:\users\arnau\documents\github\opengl-game2d\game\02-bubble\release\02-bubble.tlog\rc.command.1.tlog
c:\users\arnau\documents\github\opengl-game2d\game\02-bubble\release\02-bubble.tlog\rc.read.1.tlog
c:\users\arnau\documents\github\opengl-game2d\game\02-bubble\release\02-bubble.tlog\rc.write.1.tlog
